2017-04-09 18:17:35 - PHP Notice:  Undefined variable: banners in /Applications/MAMP/htdocs/svita.com/catalog/view/theme/default/template/common/home.tpl on line 17
2017-04-09 18:17:35 - PHP Warning:  Invalid argument supplied for foreach() in /Applications/MAMP/htdocs/svita.com/catalog/view/theme/default/template/common/home.tpl on line 17
2017-04-09 18:17:56 - PHP Notice:  Undefined variable: banners in /Applications/MAMP/htdocs/svita.com/catalog/view/theme/default/template/common/home.tpl on line 17
2017-04-09 18:17:56 - PHP Warning:  Invalid argument supplied for foreach() in /Applications/MAMP/htdocs/svita.com/catalog/view/theme/default/template/common/home.tpl on line 17
2017-04-09 18:20:38 - PHP Notice:  Undefined variable: banners in /Applications/MAMP/htdocs/svita.com/catalog/view/theme/default/template/common/home.tpl on line 18
2017-04-09 18:20:38 - PHP Warning:  Invalid argument supplied for foreach() in /Applications/MAMP/htdocs/svita.com/catalog/view/theme/default/template/common/home.tpl on line 18
2017-04-09 18:39:52 - PHP Notice:  Undefined variable: class in /Applications/MAMP/htdocs/svita.com/catalog/view/theme/default/template/product/category.tpl on line 9
2017-04-09 18:40:17 - PHP Notice:  Undefined variable: class in /Applications/MAMP/htdocs/svita.com/catalog/view/theme/default/template/product/category.tpl on line 9
2017-04-09 18:41:31 - PHP Notice:  Undefined variable: class in /Applications/MAMP/htdocs/svita.com/catalog/view/theme/default/template/product/category.tpl on line 9
2017-04-09 18:42:16 - PHP Notice:  Undefined variable: class in /Applications/MAMP/htdocs/svita.com/catalog/view/theme/default/template/product/category.tpl on line 9
2017-04-09 18:42:38 - PHP Notice:  Undefined variable: class in /Applications/MAMP/htdocs/svita.com/catalog/view/theme/default/template/product/category.tpl on line 9
2017-04-09 18:42:49 - PHP Notice:  Undefined variable: class in /Applications/MAMP/htdocs/svita.com/catalog/view/theme/default/template/product/category.tpl on line 9
2017-04-09 18:43:09 - PHP Notice:  Undefined variable: class in /Applications/MAMP/htdocs/svita.com/catalog/view/theme/default/template/product/category.tpl on line 9
2017-04-09 18:43:37 - PHP Notice:  Undefined variable: class in /Applications/MAMP/htdocs/svita.com/catalog/view/theme/default/template/product/category.tpl on line 9
2017-04-09 18:44:07 - PHP Notice:  Undefined variable: class in /Applications/MAMP/htdocs/svita.com/catalog/view/theme/default/template/product/category.tpl on line 9
2017-04-09 18:44:10 - PHP Notice:  Undefined variable: class in /Applications/MAMP/htdocs/svita.com/catalog/view/theme/default/template/product/category.tpl on line 9
2017-04-09 18:44:32 - PHP Notice:  Undefined variable: class in /Applications/MAMP/htdocs/svita.com/catalog/view/theme/default/template/product/category.tpl on line 9
2017-04-09 18:45:11 - PHP Notice:  Undefined variable: class in /Applications/MAMP/htdocs/svita.com/catalog/view/theme/default/template/product/category.tpl on line 9
2017-04-09 18:45:31 - PHP Notice:  Undefined variable: class in /Applications/MAMP/htdocs/svita.com/catalog/view/theme/default/template/product/category.tpl on line 9
2017-04-09 18:46:27 - PHP Notice:  Undefined variable: class in /Applications/MAMP/htdocs/svita.com/catalog/view/theme/default/template/product/category.tpl on line 9
2017-04-09 18:46:51 - PHP Notice:  Undefined variable: class in /Applications/MAMP/htdocs/svita.com/catalog/view/theme/default/template/product/category.tpl on line 9
2017-04-09 18:47:46 - PHP Notice:  Undefined variable: class in /Applications/MAMP/htdocs/svita.com/catalog/view/theme/default/template/product/category.tpl on line 9
2017-04-09 18:47:59 - PHP Notice:  Undefined variable: class in /Applications/MAMP/htdocs/svita.com/catalog/view/theme/default/template/product/category.tpl on line 9
2017-04-09 18:48:36 - PHP Notice:  Undefined variable: class in /Applications/MAMP/htdocs/svita.com/catalog/view/theme/default/template/product/category.tpl on line 9
2017-04-09 18:48:55 - PHP Notice:  Undefined variable: class in /Applications/MAMP/htdocs/svita.com/catalog/view/theme/default/template/product/category.tpl on line 9
2017-04-09 18:49:50 - PHP Notice:  Undefined variable: class in /Applications/MAMP/htdocs/svita.com/catalog/view/theme/default/template/product/category.tpl on line 9
2017-04-09 18:52:29 - PHP Notice:  Undefined variable: class in /Applications/MAMP/htdocs/svita.com/catalog/view/theme/default/template/product/category.tpl on line 9
2017-04-09 18:52:36 - PHP Notice:  Undefined variable: class in /Applications/MAMP/htdocs/svita.com/catalog/view/theme/default/template/product/category.tpl on line 9
2017-04-09 18:52:38 - PHP Notice:  Undefined variable: class in /Applications/MAMP/htdocs/svita.com/catalog/view/theme/default/template/product/category.tpl on line 9
2017-04-09 18:52:42 - PHP Notice:  Undefined variable: class in /Applications/MAMP/htdocs/svita.com/catalog/view/theme/default/template/product/category.tpl on line 9
2017-04-09 18:52:44 - PHP Notice:  Undefined variable: class in /Applications/MAMP/htdocs/svita.com/catalog/view/theme/default/template/product/category.tpl on line 9
2017-04-09 18:52:46 - PHP Notice:  Undefined variable: class in /Applications/MAMP/htdocs/svita.com/catalog/view/theme/default/template/product/category.tpl on line 9
2017-04-09 18:53:36 - PHP Notice:  Undefined variable: class in /Applications/MAMP/htdocs/svita.com/catalog/view/theme/default/template/product/category.tpl on line 9
2017-04-09 18:54:03 - PHP Notice:  Undefined variable: class in /Applications/MAMP/htdocs/svita.com/catalog/view/theme/default/template/product/category.tpl on line 9
2017-04-09 18:54:21 - PHP Notice:  Undefined variable: class in /Applications/MAMP/htdocs/svita.com/catalog/view/theme/default/template/product/category.tpl on line 9
2017-04-09 18:54:36 - PHP Notice:  Undefined variable: class in /Applications/MAMP/htdocs/svita.com/catalog/view/theme/default/template/product/category.tpl on line 9
2017-04-09 18:54:44 - PHP Notice:  Undefined variable: class in /Applications/MAMP/htdocs/svita.com/catalog/view/theme/default/template/product/category.tpl on line 9
2017-04-09 18:54:50 - PHP Notice:  Undefined variable: class in /Applications/MAMP/htdocs/svita.com/catalog/view/theme/default/template/product/category.tpl on line 9
2017-04-09 18:54:58 - PHP Notice:  Undefined variable: class in /Applications/MAMP/htdocs/svita.com/catalog/view/theme/default/template/product/category.tpl on line 9
2017-04-11 23:06:09 - PHP Notice:  Undefined variable: class in /Applications/MAMP/htdocs/svita.com/catalog/view/theme/default/template/product/category.tpl on line 9
2017-04-11 23:06:14 - PHP Notice:  Undefined variable: class in /Applications/MAMP/htdocs/svita.com/catalog/view/theme/default/template/product/category.tpl on line 9
2017-04-11 23:08:09 - PHP Notice:  Undefined variable: class in /Applications/MAMP/htdocs/svita.com/catalog/view/theme/default/template/product/category.tpl on line 22
2017-04-11 23:08:34 - PHP Notice:  Undefined variable: class in /Applications/MAMP/htdocs/svita.com/catalog/view/theme/default/template/product/category.tpl on line 22
2017-04-11 23:08:47 - PHP Notice:  Undefined variable: class in /Applications/MAMP/htdocs/svita.com/catalog/view/theme/default/template/product/category.tpl on line 23
2017-04-11 23:09:35 - PHP Notice:  Undefined variable: class in /Applications/MAMP/htdocs/svita.com/catalog/view/theme/default/template/product/category.tpl on line 18
2017-04-11 23:10:52 - PHP Notice:  Undefined variable: class in /Applications/MAMP/htdocs/svita.com/catalog/view/theme/default/template/product/category.tpl on line 17
2017-04-11 23:11:16 - PHP Notice:  Undefined variable: class in /Applications/MAMP/htdocs/svita.com/catalog/view/theme/default/template/product/category.tpl on line 17
2017-04-11 23:11:47 - PHP Notice:  Undefined variable: class in /Applications/MAMP/htdocs/svita.com/catalog/view/theme/default/template/product/category.tpl on line 17
2017-04-11 23:11:54 - PHP Notice:  Undefined variable: class in /Applications/MAMP/htdocs/svita.com/catalog/view/theme/default/template/product/category.tpl on line 17
2017-04-11 23:13:04 - PHP Notice:  Undefined variable: class in /Applications/MAMP/htdocs/svita.com/catalog/view/theme/default/template/product/category.tpl on line 17
2017-04-11 23:13:19 - PHP Notice:  Undefined variable: class in /Applications/MAMP/htdocs/svita.com/catalog/view/theme/default/template/product/category.tpl on line 17
2017-04-11 23:14:27 - PHP Notice:  Undefined variable: class in /Applications/MAMP/htdocs/svita.com/catalog/view/theme/default/template/product/category.tpl on line 17
2017-04-11 23:24:05 - PHP Notice:  Undefined variable: class in /Applications/MAMP/htdocs/svita.com/catalog/view/theme/default/template/product/category.tpl on line 17
2017-04-11 23:29:52 - PHP Notice:  Undefined variable: class in /Applications/MAMP/htdocs/svita.com/catalog/view/theme/default/template/product/category.tpl on line 17
2017-04-11 23:29:57 - PHP Notice:  Undefined variable: class in /Applications/MAMP/htdocs/svita.com/catalog/view/theme/default/template/product/category.tpl on line 17
2017-04-11 23:30:00 - PHP Notice:  Undefined variable: class in /Applications/MAMP/htdocs/svita.com/catalog/view/theme/default/template/product/category.tpl on line 17
2017-04-11 23:30:05 - PHP Notice:  Undefined variable: class in /Applications/MAMP/htdocs/svita.com/catalog/view/theme/default/template/product/category.tpl on line 17
2017-04-18 22:46:31 - PHP Notice:  Undefined variable: class in /Applications/MAMP/htdocs/svita.com/catalog/view/theme/default/template/product/category.tpl on line 17
2017-04-18 22:47:27 - PHP Notice:  Undefined variable: class in /Applications/MAMP/htdocs/svita.com/catalog/view/theme/default/template/product/category.tpl on line 17
2017-04-18 22:58:30 - PHP Notice:  Undefined variable: class in /Applications/MAMP/htdocs/svita.com/catalog/view/theme/default/template/product/category.tpl on line 17
2017-04-18 23:01:51 - PHP Notice:  Undefined variable: class in /Applications/MAMP/htdocs/svita.com/catalog/view/theme/default/template/product/category.tpl on line 17
2017-04-19 22:03:43 - PHP Notice:  Undefined variable: class in /Applications/MAMP/htdocs/svita.com/catalog/view/theme/default/template/product/category.tpl on line 17
2017-04-19 22:03:56 - PHP Notice:  Undefined variable: class in /Applications/MAMP/htdocs/svita.com/catalog/view/theme/default/template/product/category.tpl on line 17
2017-04-19 22:29:16 - PHP Notice:  Undefined variable: class in /Applications/MAMP/htdocs/svita.com/catalog/view/theme/default/template/product/category.tpl on line 17
2017-04-19 22:30:26 - PHP Notice:  Undefined variable: class in /Applications/MAMP/htdocs/svita.com/catalog/view/theme/default/template/product/category.tpl on line 17
2017-04-19 22:30:32 - PHP Notice:  Undefined variable: class in /Applications/MAMP/htdocs/svita.com/catalog/view/theme/default/template/product/category.tpl on line 17
2017-04-20 11:26:08 - PHP Notice:  Undefined variable: class in /Applications/MAMP/htdocs/svita.com/catalog/view/theme/default/template/product/category.tpl on line 17
2017-04-20 11:49:47 - PHP Notice:  Undefined variable: class in /Applications/MAMP/htdocs/svita.com/catalog/view/theme/default/template/product/category.tpl on line 17
2017-04-20 12:12:45 - PHP Notice:  Undefined variable: class in /Applications/MAMP/htdocs/svita.com/catalog/view/theme/default/template/product/category.tpl on line 17
2017-04-20 12:14:53 - PHP Notice:  Undefined variable: class in /Applications/MAMP/htdocs/svita.com/catalog/view/theme/default/template/product/product.tpl on line 17
2017-04-20 12:16:51 - PHP Notice:  Undefined variable: class in /Applications/MAMP/htdocs/svita.com/catalog/view/theme/default/template/product/product.tpl on line 17
2017-04-20 12:17:04 - PHP Notice:  Undefined variable: class in /Applications/MAMP/htdocs/svita.com/catalog/view/theme/default/template/product/category.tpl on line 17
2017-04-20 12:17:05 - PHP Notice:  Undefined variable: class in /Applications/MAMP/htdocs/svita.com/catalog/view/theme/default/template/product/product.tpl on line 17
2017-04-20 12:34:01 - PHP Notice:  Undefined variable: class in /Applications/MAMP/htdocs/svita.com/catalog/view/theme/default/template/product/category.tpl on line 17
2017-04-20 12:34:02 - PHP Notice:  Undefined variable: class in /Applications/MAMP/htdocs/svita.com/catalog/view/theme/default/template/product/product.tpl on line 17
2017-04-20 12:46:35 - PHP Notice:  Undefined variable: class in /Applications/MAMP/htdocs/svita.com/catalog/view/theme/default/template/product/category.tpl on line 17
2017-04-20 12:46:36 - PHP Notice:  Undefined variable: class in /Applications/MAMP/htdocs/svita.com/catalog/view/theme/default/template/product/product.tpl on line 17
2017-04-20 12:48:47 - PHP Notice:  Undefined variable: class in /Applications/MAMP/htdocs/svita.com/catalog/view/theme/default/template/product/product.tpl on line 17
2017-04-20 12:48:55 - PHP Notice:  Undefined variable: class in /Applications/MAMP/htdocs/svita.com/catalog/view/theme/default/template/product/product.tpl on line 17
2017-04-20 12:49:23 - PHP Notice:  Undefined variable: class in /Applications/MAMP/htdocs/svita.com/catalog/view/theme/default/template/product/product.tpl on line 17
2017-04-20 12:49:36 - PHP Notice:  Undefined variable: class in /Applications/MAMP/htdocs/svita.com/catalog/view/theme/default/template/product/product.tpl on line 17
2017-04-20 12:49:53 - PHP Notice:  Undefined variable: class in /Applications/MAMP/htdocs/svita.com/catalog/view/theme/default/template/product/product.tpl on line 17
2017-04-20 12:50:40 - PHP Notice:  Undefined variable: class in /Applications/MAMP/htdocs/svita.com/catalog/view/theme/default/template/product/product.tpl on line 17
2017-04-20 12:53:51 - PHP Notice:  Undefined variable: class in /Applications/MAMP/htdocs/svita.com/catalog/view/theme/default/template/product/category.tpl on line 17
2017-04-20 12:58:46 - PHP Notice:  Undefined variable: text_contact in /Applications/MAMP/htdocs/svita.com/catalog/view/theme/default/template/common/header.tpl on line 181
2017-04-20 12:58:46 - PHP Notice:  Undefined variable: text_contact in /Applications/MAMP/htdocs/svita.com/catalog/view/theme/default/template/common/header.tpl on line 219
2017-04-20 12:59:03 - PHP Notice:  Undefined variable: text_contact in /Applications/MAMP/htdocs/svita.com/catalog/view/theme/default/template/common/header.tpl on line 181
2017-04-20 12:59:06 - PHP Notice:  Undefined variable: text_contact in /Applications/MAMP/htdocs/svita.com/catalog/view/theme/default/template/common/header.tpl on line 181
2017-04-20 13:05:22 - PHP Notice:  Undefined variable: class in /Applications/MAMP/htdocs/svita.com/catalog/view/theme/default/template/product/category.tpl on line 17
2017-04-20 13:05:25 - PHP Notice:  Undefined variable: class in /Applications/MAMP/htdocs/svita.com/catalog/view/theme/default/template/product/product.tpl on line 17
2017-04-20 13:29:09 - PHP Notice:  Use of undefined constant cart - assumed 'cart' in /Applications/MAMP/htdocs/svita.com/catalog/view/theme/default/template/common/header.tpl on line 148
2017-04-20 13:29:09 - PHP Notice:  Undefined variable: shiping in /Applications/MAMP/htdocs/svita.com/catalog/view/theme/default/template/common/header.tpl on line 148
2017-04-20 13:29:10 - PHP Notice:  Use of undefined constant cart - assumed 'cart' in /Applications/MAMP/htdocs/svita.com/catalog/view/theme/default/template/common/header.tpl on line 148
2017-04-20 13:29:10 - PHP Notice:  Undefined variable: shiping in /Applications/MAMP/htdocs/svita.com/catalog/view/theme/default/template/common/header.tpl on line 148
2017-04-20 14:02:42 - PHP Notice:  Undefined variable: class in /Applications/MAMP/htdocs/svita.com/catalog/view/theme/default/template/product/category.tpl on line 17
2017-04-20 14:02:43 - PHP Notice:  Undefined variable: class in /Applications/MAMP/htdocs/svita.com/catalog/view/theme/default/template/product/product.tpl on line 17
2017-04-20 14:03:41 - PHP Notice:  Undefined variable: class in /Applications/MAMP/htdocs/svita.com/catalog/view/theme/default/template/product/product.tpl on line 17
2017-04-20 14:03:41 - PHP Notice:  Undefined variable: product in /Applications/MAMP/htdocs/svita.com/catalog/view/theme/default/template/product/product.tpl on line 77
2017-04-20 14:03:41 - PHP Notice:  Undefined variable: product in /Applications/MAMP/htdocs/svita.com/catalog/view/theme/default/template/product/product.tpl on line 77
2017-04-20 14:03:51 - PHP Notice:  Undefined variable: class in /Applications/MAMP/htdocs/svita.com/catalog/view/theme/default/template/product/product.tpl on line 17
2017-04-20 14:04:13 - PHP Notice:  Undefined variable: class in /Applications/MAMP/htdocs/svita.com/catalog/view/theme/default/template/product/category.tpl on line 17
2017-04-20 14:04:14 - PHP Notice:  Undefined variable: class in /Applications/MAMP/htdocs/svita.com/catalog/view/theme/default/template/product/product.tpl on line 17
2017-04-20 14:04:59 - PHP Notice:  Undefined variable: class in /Applications/MAMP/htdocs/svita.com/catalog/view/theme/default/template/product/category.tpl on line 17
2017-04-20 14:05:15 - PHP Notice:  Undefined variable: class in /Applications/MAMP/htdocs/svita.com/catalog/view/theme/default/template/product/product.tpl on line 17
2017-04-20 14:07:45 - PHP Notice:  Undefined variable: class in /Applications/MAMP/htdocs/svita.com/catalog/view/theme/default/template/product/product.tpl on line 17
2017-04-20 14:09:15 - PHP Notice:  Undefined variable: class in /Applications/MAMP/htdocs/svita.com/catalog/view/theme/default/template/product/product.tpl on line 17
2017-04-20 14:37:06 - PHP Notice:  Undefined variable: class in /Applications/MAMP/htdocs/svita.com/catalog/view/theme/default/template/product/category.tpl on line 17
2017-04-20 15:18:32 - PHP Notice:  Undefined variable: class in /Applications/MAMP/htdocs/svita.com/catalog/view/theme/default/template/product/category.tpl on line 17
2017-04-20 15:18:40 - PHP Notice:  Undefined variable: class in /Applications/MAMP/htdocs/svita.com/catalog/view/theme/default/template/product/category.tpl on line 17
2017-04-20 15:18:43 - PHP Notice:  Undefined variable: class in /Applications/MAMP/htdocs/svita.com/catalog/view/theme/default/template/product/category.tpl on line 17
2017-04-20 15:20:16 - PHP Notice:  Undefined variable: class in /Applications/MAMP/htdocs/svita.com/catalog/view/theme/default/template/product/category.tpl on line 17
2017-04-20 15:20:18 - PHP Notice:  Undefined variable: class in /Applications/MAMP/htdocs/svita.com/catalog/view/theme/default/template/product/category.tpl on line 17
2017-04-20 15:20:20 - PHP Notice:  Undefined variable: class in /Applications/MAMP/htdocs/svita.com/catalog/view/theme/default/template/product/category.tpl on line 17
2017-04-20 15:20:21 - PHP Notice:  Undefined variable: class in /Applications/MAMP/htdocs/svita.com/catalog/view/theme/default/template/product/category.tpl on line 17
2017-04-20 15:20:26 - PHP Notice:  Undefined variable: class in /Applications/MAMP/htdocs/svita.com/catalog/view/theme/default/template/product/product.tpl on line 17
2017-04-20 15:29:10 - PHP Notice:  Undefined variable: class in /Applications/MAMP/htdocs/svita.com/catalog/view/theme/default/template/product/category.tpl on line 17
2017-04-20 15:32:08 - PHP Notice:  Undefined variable: class in /Applications/MAMP/htdocs/svita.com/catalog/view/theme/default/template/product/category.tpl on line 17
2017-04-20 15:32:24 - PHP Notice:  Undefined variable: class in /Applications/MAMP/htdocs/svita.com/catalog/view/theme/default/template/product/product.tpl on line 17
2017-04-20 15:33:39 - PHP Notice:  Undefined variable: text_contact in /Applications/MAMP/htdocs/svita.com/catalog/view/theme/default/template/common/header.tpl on line 179
2017-04-20 15:33:39 - PHP Notice:  Undefined variable: text_contact in /Applications/MAMP/htdocs/svita.com/catalog/view/theme/default/template/common/header.tpl on line 217
2017-04-20 15:35:05 - PHP Notice:  Undefined variable: class in /Applications/MAMP/htdocs/svita.com/catalog/view/theme/default/template/product/category.tpl on line 17
2017-04-20 15:35:07 - PHP Notice:  Undefined variable: class in /Applications/MAMP/htdocs/svita.com/catalog/view/theme/default/template/product/product.tpl on line 17
2017-04-20 15:37:55 - PHP Notice:  Undefined variable: class in /Applications/MAMP/htdocs/svita.com/catalog/view/theme/default/template/product/category.tpl on line 17
2017-04-20 15:38:00 - PHP Notice:  Undefined variable: class in /Applications/MAMP/htdocs/svita.com/catalog/view/theme/default/template/product/product.tpl on line 17
2017-04-20 15:38:00 - PHP Notice:  Undefined variable: i in /Applications/MAMP/htdocs/svita.com/catalog/view/theme/default/template/product/product.tpl on line 286
2017-04-20 15:38:40 - PHP Notice:  Undefined variable: class in /Applications/MAMP/htdocs/svita.com/catalog/view/theme/default/template/product/product.tpl on line 17
2017-04-20 15:38:40 - PHP Notice:  Undefined variable: i in /Applications/MAMP/htdocs/svita.com/catalog/view/theme/default/template/product/product.tpl on line 286
2017-04-20 15:38:53 - PHP Notice:  Undefined variable: class in /Applications/MAMP/htdocs/svita.com/catalog/view/theme/default/template/product/category.tpl on line 17
2017-04-20 15:38:56 - PHP Notice:  Undefined variable: class in /Applications/MAMP/htdocs/svita.com/catalog/view/theme/default/template/product/product.tpl on line 17
2017-04-20 15:38:58 - PHP Notice:  Undefined variable: class in /Applications/MAMP/htdocs/svita.com/catalog/view/theme/default/template/product/category.tpl on line 17
2017-04-20 15:38:59 - PHP Notice:  Undefined variable: class in /Applications/MAMP/htdocs/svita.com/catalog/view/theme/default/template/product/product.tpl on line 17
2017-04-20 15:39:01 - PHP Notice:  Undefined variable: class in /Applications/MAMP/htdocs/svita.com/catalog/view/theme/default/template/product/category.tpl on line 17
2017-04-20 15:39:02 - PHP Notice:  Undefined variable: class in /Applications/MAMP/htdocs/svita.com/catalog/view/theme/default/template/product/product.tpl on line 17
2017-04-20 15:39:07 - PHP Notice:  Undefined variable: class in /Applications/MAMP/htdocs/svita.com/catalog/view/theme/default/template/product/category.tpl on line 17
2017-04-20 15:39:08 - PHP Notice:  Undefined variable: class in /Applications/MAMP/htdocs/svita.com/catalog/view/theme/default/template/product/product.tpl on line 17
2017-04-20 15:39:11 - PHP Notice:  Undefined variable: class in /Applications/MAMP/htdocs/svita.com/catalog/view/theme/default/template/product/product.tpl on line 17
2017-04-20 15:39:11 - PHP Notice:  Undefined variable: i in /Applications/MAMP/htdocs/svita.com/catalog/view/theme/default/template/product/product.tpl on line 286
2017-04-20 15:39:11 - PHP Notice:  Undefined variable: i in /Applications/MAMP/htdocs/svita.com/catalog/view/theme/default/template/product/product.tpl on line 286
2017-04-20 15:39:16 - PHP Notice:  Undefined variable: class in /Applications/MAMP/htdocs/svita.com/catalog/view/theme/default/template/product/product.tpl on line 17
2017-04-20 15:39:19 - PHP Notice:  Undefined variable: class in /Applications/MAMP/htdocs/svita.com/catalog/view/theme/default/template/product/product.tpl on line 17
2017-04-20 15:39:19 - PHP Notice:  Undefined variable: i in /Applications/MAMP/htdocs/svita.com/catalog/view/theme/default/template/product/product.tpl on line 286
2017-04-20 15:39:26 - PHP Notice:  Undefined variable: class in /Applications/MAMP/htdocs/svita.com/catalog/view/theme/default/template/product/category.tpl on line 17
2017-04-20 15:39:28 - PHP Notice:  Undefined variable: class in /Applications/MAMP/htdocs/svita.com/catalog/view/theme/default/template/product/product.tpl on line 17
2017-04-20 15:39:30 - PHP Notice:  Undefined variable: class in /Applications/MAMP/htdocs/svita.com/catalog/view/theme/default/template/product/product.tpl on line 17
2017-04-20 15:39:38 - PHP Notice:  Undefined variable: class in /Applications/MAMP/htdocs/svita.com/catalog/view/theme/default/template/product/product.tpl on line 17
2017-04-20 15:39:41 - PHP Notice:  Undefined variable: class in /Applications/MAMP/htdocs/svita.com/catalog/view/theme/default/template/product/product.tpl on line 17
2017-04-20 15:39:44 - PHP Notice:  Undefined variable: class in /Applications/MAMP/htdocs/svita.com/catalog/view/theme/default/template/product/product.tpl on line 17
2017-04-20 15:39:48 - PHP Notice:  Undefined variable: class in /Applications/MAMP/htdocs/svita.com/catalog/view/theme/default/template/product/product.tpl on line 17
2017-04-20 15:39:48 - PHP Notice:  Undefined variable: i in /Applications/MAMP/htdocs/svita.com/catalog/view/theme/default/template/product/product.tpl on line 286
2017-04-20 15:39:51 - PHP Notice:  Undefined variable: class in /Applications/MAMP/htdocs/svita.com/catalog/view/theme/default/template/product/product.tpl on line 17
2017-04-20 15:39:51 - PHP Notice:  Undefined variable: i in /Applications/MAMP/htdocs/svita.com/catalog/view/theme/default/template/product/product.tpl on line 286
2017-04-20 15:39:51 - PHP Notice:  Undefined variable: i in /Applications/MAMP/htdocs/svita.com/catalog/view/theme/default/template/product/product.tpl on line 286
2017-04-20 15:40:33 - PHP Notice:  Undefined variable: class in /Applications/MAMP/htdocs/svita.com/catalog/view/theme/default/template/product/category.tpl on line 17
2017-04-20 15:40:34 - PHP Notice:  Undefined variable: class in /Applications/MAMP/htdocs/svita.com/catalog/view/theme/default/template/product/product.tpl on line 17
2017-04-20 15:40:37 - PHP Notice:  Undefined variable: class in /Applications/MAMP/htdocs/svita.com/catalog/view/theme/default/template/product/product.tpl on line 17
2017-04-20 15:40:40 - PHP Notice:  Undefined variable: class in /Applications/MAMP/htdocs/svita.com/catalog/view/theme/default/template/product/product.tpl on line 17
2017-04-20 15:40:42 - PHP Notice:  Undefined variable: class in /Applications/MAMP/htdocs/svita.com/catalog/view/theme/default/template/product/product.tpl on line 17
2017-04-20 15:40:44 - PHP Notice:  Undefined variable: class in /Applications/MAMP/htdocs/svita.com/catalog/view/theme/default/template/product/product.tpl on line 17
2017-04-20 15:40:53 - PHP Notice:  Undefined variable: class in /Applications/MAMP/htdocs/svita.com/catalog/view/theme/default/template/product/category.tpl on line 17
2017-04-20 15:40:54 - PHP Notice:  Undefined variable: class in /Applications/MAMP/htdocs/svita.com/catalog/view/theme/default/template/product/product.tpl on line 17
2017-04-20 15:40:56 - PHP Notice:  Undefined variable: class in /Applications/MAMP/htdocs/svita.com/catalog/view/theme/default/template/product/product.tpl on line 17
2017-04-20 15:41:00 - PHP Notice:  Undefined variable: class in /Applications/MAMP/htdocs/svita.com/catalog/view/theme/default/template/product/product.tpl on line 17
2017-04-20 15:42:58 - PHP Notice:  Undefined variable: class in /Applications/MAMP/htdocs/svita.com/catalog/view/theme/default/template/product/category.tpl on line 17
2017-04-20 15:42:59 - PHP Notice:  Undefined variable: class in /Applications/MAMP/htdocs/svita.com/catalog/view/theme/default/template/product/product.tpl on line 17
2017-04-20 19:22:06 - PHP Notice:  Undefined variable: class in /Applications/MAMP/htdocs/svita.com/catalog/view/theme/default/template/product/category.tpl on line 17
2017-04-20 19:22:20 - PHP Notice:  Undefined variable: class in /Applications/MAMP/htdocs/svita.com/catalog/view/theme/default/template/product/category.tpl on line 17
2017-04-20 19:22:28 - PHP Notice:  Undefined variable: class in /Applications/MAMP/htdocs/svita.com/catalog/view/theme/default/template/product/product.tpl on line 17
2017-04-20 19:23:48 - PHP Notice:  Undefined variable: class in /Applications/MAMP/htdocs/svita.com/catalog/view/theme/default/template/product/category.tpl on line 17
2017-04-25 14:11:56 - PHP Notice:  Undefined variable: class in /Applications/MAMP/htdocs/svita.com/catalog/view/theme/default/template/product/category.tpl on line 17
2017-04-25 14:12:12 - PHP Notice:  Undefined variable: class in /Applications/MAMP/htdocs/svita.com/catalog/view/theme/default/template/product/category.tpl on line 17
2017-04-25 14:12:13 - PHP Notice:  Undefined variable: class in /Applications/MAMP/htdocs/svita.com/catalog/view/theme/default/template/product/product.tpl on line 17
2017-04-25 14:12:40 - PHP Notice:  Undefined variable: class in /Applications/MAMP/htdocs/svita.com/catalog/view/theme/default/template/product/category.tpl on line 17
2017-04-25 14:12:44 - PHP Notice:  Undefined variable: class in /Applications/MAMP/htdocs/svita.com/catalog/view/theme/default/template/product/category.tpl on line 17
2017-04-25 14:12:46 - PHP Notice:  Undefined variable: class in /Applications/MAMP/htdocs/svita.com/catalog/view/theme/default/template/product/product.tpl on line 17
2017-04-25 14:34:12 - PHP Notice:  Undefined variable: class in /Applications/MAMP/htdocs/svita.com/catalog/view/theme/default/template/product/category.tpl on line 17
2017-04-25 14:34:14 - PHP Notice:  Undefined variable: class in /Applications/MAMP/htdocs/svita.com/catalog/view/theme/default/template/product/product.tpl on line 17
2017-04-25 14:35:21 - PHP Notice:  Undefined variable: class in /Applications/MAMP/htdocs/svita.com/catalog/view/theme/default/template/product/product.tpl on line 17
2017-04-25 20:11:47 - PHP Notice:  Undefined variable: class in /Applications/MAMP/htdocs/svita.com/catalog/view/theme/default/template/product/category.tpl on line 17
2017-04-25 20:11:48 - PHP Notice:  Undefined variable: class in /Applications/MAMP/htdocs/svita.com/catalog/view/theme/default/template/product/product.tpl on line 17
2017-04-25 20:12:38 - PHP Notice:  Undefined variable: class in /Applications/MAMP/htdocs/svita.com/catalog/view/theme/default/template/product/category.tpl on line 17
2017-04-25 20:12:39 - PHP Notice:  Undefined variable: class in /Applications/MAMP/htdocs/svita.com/catalog/view/theme/default/template/product/product.tpl on line 17
